<?xml version="1.0" encoding="UTF-8"?>
<!-- Generated by org.testng.reporters.JUnitReportReporter -->
<testsuite hostname="DESKTOP-OJHBI4D" failures="0" tests="1" name="selenium.DownloadFile" time="14.608" errors="0" timestamp="2023-11-16T11:34:19 IST" skipped="0">
  <testcase classname="selenium.DownloadFile" name="download" time="14.608"/>
</testsuite> <!-- selenium.DownloadFile -->
