<?xml version="1.0" encoding="UTF-8"?>
<!-- Generated by org.testng.reporters.JUnitReportReporter -->
<testsuite hostname="DESKTOP-OJHBI4D" failures="0" tests="2" name="selenium.PopUp" time="13.580" errors="0" timestamp="2023-11-16T11:34:19 IST" skipped="1">
  <testcase classname="selenium.PopUp" name="all" time="13.580"/>
  <testcase classname="selenium.PopUp" name="demo">
    <skipped/>
  </testcase> <!-- demo -->
</testsuite> <!-- selenium.PopUp -->
