<?xml version="1.0" encoding="UTF-8"?>
<!-- Generated by org.testng.reporters.JUnitReportReporter -->
<testsuite hostname="DESKTOP-OJHBI4D" failures="0" tests="1" name="selenium.UploadAFile" time="15.053" errors="0" timestamp="2023-11-16T11:34:19 IST" skipped="0">
  <testcase classname="selenium.UploadAFile" name="upload" time="15.053"/>
</testsuite> <!-- selenium.UploadAFile -->
