<?xml version="1.0" encoding="UTF-8"?>
<!-- Generated by org.testng.reporters.JUnitReportReporter -->
<testsuite hostname="DESKTOP-OJHBI4D" failures="0" tests="3" name="selenium.DataProviderDemo" time="0.049" errors="0" timestamp="2023-11-16T11:34:19 IST" skipped="0">
  <testcase classname="selenium.DataProviderDemo" name="print" time="0.009"/>
  <testcase classname="selenium.DataProviderDemo" name="print" time="0.033"/>
  <testcase classname="selenium.DataProviderDemo" name="print" time="0.007"/>
</testsuite> <!-- selenium.DataProviderDemo -->
