<?xml version="1.0" encoding="UTF-8"?>
<!-- Generated by org.testng.reporters.JUnitReportReporter -->
<testsuite hostname="DESKTOP-OJHBI4D" failures="0" tests="1" name="selenium.BasicSelDemo" time="13.196" errors="0" timestamp="2023-11-16T11:34:19 IST" skipped="0">
  <testcase classname="selenium.BasicSelDemo" name="print" time="13.196"/>
</testsuite> <!-- selenium.BasicSelDemo -->
